1 TK_PR_INT [int]
1 TK_IDENTIFICADOR [numero_a]
2 TK_PR_FLOAT [float]
2 TK_IDENTIFICADOR [_numero]
3 TK_PR_BOOL [bool]
3 TK_IDENTIFICADOR [iniciar]
4 TK_PR_IF [if]
4 TK_LIT_TRUE [true]
5 TK_PR_ELSE [else]
6 TK_PR_WHILE [while]
6 TK_LIT_FALSE [false]
7 TK_PR_RETURN [return]
11 TK_OC_LE [<=]
12 TK_OC_GE [>=]
13 TK_OC_EQ [==]
14 TK_OC_NE [!=]
15 TK_OC_AND [&]
16 TK_OC_OR [|]
17 TK_OC_MAP [->]
19 TK_IDENTIFICADOR [oi]
20 TK_IDENTIFICADOR [_i]
21 TK_IDENTIFICADOR [o_]
23 TK_LIT_INT [3]
24 TK_LIT_FLOAT [3.0]
25 TK_LIT_FLOAT [.0]
27 TK_LIT_FALSE [false]
28 TK_LIT_TRUE [true]
36 TK_ESPECIAL [!]
36 TK_ESPECIAL [*]
36 TK_ESPECIAL [/]
36 TK_ESPECIAL [%]
36 TK_ESPECIAL [+]
36 TK_ESPECIAL [-]
36 TK_ESPECIAL [<]
36 TK_ESPECIAL [>]
36 TK_ESPECIAL [{]
36 TK_ESPECIAL [}]
36 TK_ESPECIAL [(]
36 TK_ESPECIAL [)]
36 TK_ESPECIAL [=]
36 TK_ESPECIAL [,]
36 TK_ESPECIAL [;]
38 TK_ERRO [@]
